[2025-05-20T16:22:13.401Z] info: kubernetes.yaml was copied to the config folder
[2025-05-20T16:22:15.320Z] info: widgets.yaml was copied to the config folder
[2025-05-20T16:22:15.326Z] info: docker.yaml was copied to the config folder
[2025-05-20T16:22:15.327Z] info: services.yaml was copied to the config folder
[2025-05-20T16:22:15.327Z] info: bookmarks.yaml was copied to the config folder
[2025-05-20T16:22:15.327Z] info: custom.css was copied to the config folder
[2025-05-20T16:22:15.328Z] info: custom.js was copied to the config folder
[2025-05-20T16:29:35.705Z] error: Failed to load widgets, please check widgets.yaml for errors or remove example entries.
[2025-05-20T16:29:35.706Z] error: undefined
[2025-05-20T16:29:35.797Z] error: Failed to load widgets, please check widgets.yaml for errors or remove example entries.
[2025-05-20T16:29:35.797Z] error: undefined
[2025-05-20T16:29:36.010Z] error: Failed to load widgets, please check widgets.yaml for errors or remove example entries.
[2025-05-20T16:29:36.010Z] error: undefined
[2025-05-20T16:29:45.479Z] error: Failed to load widgets, please check widgets.yaml for errors or remove example entries.
[2025-05-20T16:29:45.479Z] error: undefined
[2025-05-20T16:31:02.779Z] error: Failed to load widgets, please check widgets.yaml for errors or remove example entries.
[2025-05-20T16:31:02.780Z] error: undefined
[2025-05-20T16:31:02.885Z] error: Failed to load widgets, please check widgets.yaml for errors or remove example entries.
[2025-05-20T16:31:02.885Z] error: undefined
[2025-05-20T16:31:03.079Z] error: Failed to load widgets, please check widgets.yaml for errors or remove example entries.
[2025-05-20T16:31:03.079Z] error: undefined
[2025-05-20T16:44:30.639Z] error: undefined
[2025-05-20T16:44:30.644Z] error: TypeError: s.map is not a function
    at m (/app/.next/server/pages/api/bookmarks.js:1:639)
    at async n (/app/.next/server/pages/api/bookmarks.js:1:3241)
    at async X (/app/node_modules/.pnpm/next@15.2.4_react-dom@18.3.1_react@18.3.1__react@18.3.1/node_modules/next/dist/compiled/next-server/pages-api.runtime.prod.js:20:18441)
    at async z.render (/app/node_modules/.pnpm/next@15.2.4_react-dom@18.3.1_react@18.3.1__react@18.3.1/node_modules/next/dist/compiled/next-server/pages-api.runtime.prod.js:20:19237)
    at async NextNodeServer.runApi (/app/node_modules/.pnpm/next@15.2.4_react-dom@18.3.1_react@18.3.1__react@18.3.1/node_modules/next/dist/server/next-server.js:664:9)
    at async NextNodeServer.handleCatchallRenderRequest (/app/node_modules/.pnpm/next@15.2.4_react-dom@18.3.1_react@18.3.1__react@18.3.1/node_modules/next/dist/server/next-server.js:301:37)
    at async NextNodeServer.handleRequestImpl (/app/node_modules/.pnpm/next@15.2.4_react-dom@18.3.1_react@18.3.1__react@18.3.1/node_modules/next/dist/server/base-server.js:895:17)
    at async invokeRender (/app/node_modules/.pnpm/next@15.2.4_react-dom@18.3.1_react@18.3.1__react@18.3.1/node_modules/next/dist/server/lib/router-server.js:235:21)
    at async handleRequest (/app/node_modules/.pnpm/next@15.2.4_react-dom@18.3.1_react@18.3.1__react@18.3.1/node_modules/next/dist/server/lib/router-server.js:426:24)
    at async requestHandlerImpl (/app/node_modules/.pnpm/next@15.2.4_react-dom@18.3.1_react@18.3.1__react@18.3.1/node_modules/next/dist/server/lib/router-server.js:450:13)
[2025-05-20T16:44:30.648Z] error: Failed to load services.yaml, please check for errors
[2025-05-20T16:44:30.648Z] error: TypeError: t.map is not a function
[2025-05-20T16:44:30.649Z] error: Failed to load services.yaml, please check for errors
[2025-05-20T16:44:30.650Z] error: TypeError: t.map is not a function
[2025-05-20T16:44:30.651Z] error: <index> TypeError: o.map is not a function
    at f (/app/.next/server/pages/index.js:4:61990)
    at async L (/app/.next/server/pages/index.js:7:24333)
    at async e3 (/app/node_modules/.pnpm/next@15.2.4_react-dom@18.3.1_react@18.3.1__react@18.3.1/node_modules/next/dist/compiled/next-server/pages.runtime.prod.js:25:5108)
    at async doRender (/app/node_modules/.pnpm/next@15.2.4_react-dom@18.3.1_react@18.3.1__react@18.3.1/node_modules/next/dist/server/base-server.js:1593:38)
    at async /app/node_modules/.pnpm/next@15.2.4_react-dom@18.3.1_react@18.3.1__react@18.3.1/node_modules/next/dist/server/response-cache/index.js:84:36
    at async /app/node_modules/.pnpm/next@15.2.4_react-dom@18.3.1_react@18.3.1__react@18.3.1/node_modules/next/dist/lib/batcher.js:45:32
[2025-05-20T16:44:30.788Z] error: undefined
[2025-05-20T16:44:30.790Z] error: TypeError: s.map is not a function
    at m (/app/.next/server/pages/api/bookmarks.js:1:639)
    at async n (/app/.next/server/pages/api/bookmarks.js:1:3241)
    at async X (/app/node_modules/.pnpm/next@15.2.4_react-dom@18.3.1_react@18.3.1__react@18.3.1/node_modules/next/dist/compiled/next-server/pages-api.runtime.prod.js:20:18441)
    at async z.render (/app/node_modules/.pnpm/next@15.2.4_react-dom@18.3.1_react@18.3.1__react@18.3.1/node_modules/next/dist/compiled/next-server/pages-api.runtime.prod.js:20:19237)
    at async NextNodeServer.runApi (/app/node_modules/.pnpm/next@15.2.4_react-dom@18.3.1_react@18.3.1__react@18.3.1/node_modules/next/dist/server/next-server.js:664:9)
    at async NextNodeServer.handleCatchallRenderRequest (/app/node_modules/.pnpm/next@15.2.4_react-dom@18.3.1_react@18.3.1__react@18.3.1/node_modules/next/dist/server/next-server.js:301:37)
    at async NextNodeServer.handleRequestImpl (/app/node_modules/.pnpm/next@15.2.4_react-dom@18.3.1_react@18.3.1__react@18.3.1/node_modules/next/dist/server/base-server.js:895:17)
    at async invokeRender (/app/node_modules/.pnpm/next@15.2.4_react-dom@18.3.1_react@18.3.1__react@18.3.1/node_modules/next/dist/server/lib/router-server.js:235:21)
    at async handleRequest (/app/node_modules/.pnpm/next@15.2.4_react-dom@18.3.1_react@18.3.1__react@18.3.1/node_modules/next/dist/server/lib/router-server.js:426:24)
    at async requestHandlerImpl (/app/node_modules/.pnpm/next@15.2.4_react-dom@18.3.1_react@18.3.1__react@18.3.1/node_modules/next/dist/server/lib/router-server.js:450:13)
[2025-05-20T16:44:30.792Z] error: Failed to load services.yaml, please check for errors
[2025-05-20T16:44:30.792Z] error: TypeError: t.map is not a function
[2025-05-20T16:44:35.320Z] error: undefined
[2025-05-20T16:44:35.321Z] error: TypeError: s.map is not a function
    at m (/app/.next/server/pages/api/bookmarks.js:1:639)
    at async n (/app/.next/server/pages/api/bookmarks.js:1:3241)
    at async X (/app/node_modules/.pnpm/next@15.2.4_react-dom@18.3.1_react@18.3.1__react@18.3.1/node_modules/next/dist/compiled/next-server/pages-api.runtime.prod.js:20:18441)
    at async z.render (/app/node_modules/.pnpm/next@15.2.4_react-dom@18.3.1_react@18.3.1__react@18.3.1/node_modules/next/dist/compiled/next-server/pages-api.runtime.prod.js:20:19237)
    at async NextNodeServer.runApi (/app/node_modules/.pnpm/next@15.2.4_react-dom@18.3.1_react@18.3.1__react@18.3.1/node_modules/next/dist/server/next-server.js:664:9)
    at async NextNodeServer.handleCatchallRenderRequest (/app/node_modules/.pnpm/next@15.2.4_react-dom@18.3.1_react@18.3.1__react@18.3.1/node_modules/next/dist/server/next-server.js:301:37)
    at async NextNodeServer.handleRequestImpl (/app/node_modules/.pnpm/next@15.2.4_react-dom@18.3.1_react@18.3.1__react@18.3.1/node_modules/next/dist/server/base-server.js:895:17)
    at async invokeRender (/app/node_modules/.pnpm/next@15.2.4_react-dom@18.3.1_react@18.3.1__react@18.3.1/node_modules/next/dist/server/lib/router-server.js:235:21)
    at async handleRequest (/app/node_modules/.pnpm/next@15.2.4_react-dom@18.3.1_react@18.3.1__react@18.3.1/node_modules/next/dist/server/lib/router-server.js:426:24)
    at async requestHandlerImpl (/app/node_modules/.pnpm/next@15.2.4_react-dom@18.3.1_react@18.3.1__react@18.3.1/node_modules/next/dist/server/lib/router-server.js:450:13)
[2025-05-20T16:44:35.322Z] error: Failed to load services.yaml, please check for errors
[2025-05-20T16:44:35.322Z] error: TypeError: t.map is not a function
[2025-05-20T16:44:35.820Z] error: undefined
[2025-05-20T16:44:35.822Z] error: TypeError: s.map is not a function
    at m (/app/.next/server/pages/api/bookmarks.js:1:639)
    at async n (/app/.next/server/pages/api/bookmarks.js:1:3241)
    at async X (/app/node_modules/.pnpm/next@15.2.4_react-dom@18.3.1_react@18.3.1__react@18.3.1/node_modules/next/dist/compiled/next-server/pages-api.runtime.prod.js:20:18441)
    at async z.render (/app/node_modules/.pnpm/next@15.2.4_react-dom@18.3.1_react@18.3.1__react@18.3.1/node_modules/next/dist/compiled/next-server/pages-api.runtime.prod.js:20:19237)
    at async NextNodeServer.runApi (/app/node_modules/.pnpm/next@15.2.4_react-dom@18.3.1_react@18.3.1__react@18.3.1/node_modules/next/dist/server/next-server.js:664:9)
    at async NextNodeServer.handleCatchallRenderRequest (/app/node_modules/.pnpm/next@15.2.4_react-dom@18.3.1_react@18.3.1__react@18.3.1/node_modules/next/dist/server/next-server.js:301:37)
    at async NextNodeServer.handleRequestImpl (/app/node_modules/.pnpm/next@15.2.4_react-dom@18.3.1_react@18.3.1__react@18.3.1/node_modules/next/dist/server/base-server.js:895:17)
    at async invokeRender (/app/node_modules/.pnpm/next@15.2.4_react-dom@18.3.1_react@18.3.1__react@18.3.1/node_modules/next/dist/server/lib/router-server.js:235:21)
    at async handleRequest (/app/node_modules/.pnpm/next@15.2.4_react-dom@18.3.1_react@18.3.1__react@18.3.1/node_modules/next/dist/server/lib/router-server.js:426:24)
    at async requestHandlerImpl (/app/node_modules/.pnpm/next@15.2.4_react-dom@18.3.1_react@18.3.1__react@18.3.1/node_modules/next/dist/server/lib/router-server.js:450:13)
[2025-05-20T16:44:35.823Z] error: Failed to load services.yaml, please check for errors
[2025-05-20T16:44:35.823Z] error: TypeError: t.map is not a function
[2025-05-20T16:44:36.206Z] error: undefined
[2025-05-20T16:44:36.209Z] error: TypeError: s.map is not a function
    at m (/app/.next/server/pages/api/bookmarks.js:1:639)
    at async n (/app/.next/server/pages/api/bookmarks.js:1:3241)
    at async X (/app/node_modules/.pnpm/next@15.2.4_react-dom@18.3.1_react@18.3.1__react@18.3.1/node_modules/next/dist/compiled/next-server/pages-api.runtime.prod.js:20:18441)
    at async z.render (/app/node_modules/.pnpm/next@15.2.4_react-dom@18.3.1_react@18.3.1__react@18.3.1/node_modules/next/dist/compiled/next-server/pages-api.runtime.prod.js:20:19237)
    at async NextNodeServer.runApi (/app/node_modules/.pnpm/next@15.2.4_react-dom@18.3.1_react@18.3.1__react@18.3.1/node_modules/next/dist/server/next-server.js:664:9)
    at async NextNodeServer.handleCatchallRenderRequest (/app/node_modules/.pnpm/next@15.2.4_react-dom@18.3.1_react@18.3.1__react@18.3.1/node_modules/next/dist/server/next-server.js:301:37)
    at async NextNodeServer.handleRequestImpl (/app/node_modules/.pnpm/next@15.2.4_react-dom@18.3.1_react@18.3.1__react@18.3.1/node_modules/next/dist/server/base-server.js:895:17)
    at async invokeRender (/app/node_modules/.pnpm/next@15.2.4_react-dom@18.3.1_react@18.3.1__react@18.3.1/node_modules/next/dist/server/lib/router-server.js:235:21)
    at async handleRequest (/app/node_modules/.pnpm/next@15.2.4_react-dom@18.3.1_react@18.3.1__react@18.3.1/node_modules/next/dist/server/lib/router-server.js:426:24)
    at async requestHandlerImpl (/app/node_modules/.pnpm/next@15.2.4_react-dom@18.3.1_react@18.3.1__react@18.3.1/node_modules/next/dist/server/lib/router-server.js:450:13)
[2025-05-20T16:44:36.217Z] error: Failed to load services.yaml, please check for errors
[2025-05-20T16:44:36.217Z] error: TypeError: t.map is not a function
[2025-05-20T16:44:36.562Z] error: undefined
[2025-05-20T16:44:36.563Z] error: TypeError: s.map is not a function
    at m (/app/.next/server/pages/api/bookmarks.js:1:639)
    at async n (/app/.next/server/pages/api/bookmarks.js:1:3241)
    at async X (/app/node_modules/.pnpm/next@15.2.4_react-dom@18.3.1_react@18.3.1__react@18.3.1/node_modules/next/dist/compiled/next-server/pages-api.runtime.prod.js:20:18441)
    at async z.render (/app/node_modules/.pnpm/next@15.2.4_react-dom@18.3.1_react@18.3.1__react@18.3.1/node_modules/next/dist/compiled/next-server/pages-api.runtime.prod.js:20:19237)
    at async NextNodeServer.runApi (/app/node_modules/.pnpm/next@15.2.4_react-dom@18.3.1_react@18.3.1__react@18.3.1/node_modules/next/dist/server/next-server.js:664:9)
    at async NextNodeServer.handleCatchallRenderRequest (/app/node_modules/.pnpm/next@15.2.4_react-dom@18.3.1_react@18.3.1__react@18.3.1/node_modules/next/dist/server/next-server.js:301:37)
    at async NextNodeServer.handleRequestImpl (/app/node_modules/.pnpm/next@15.2.4_react-dom@18.3.1_react@18.3.1__react@18.3.1/node_modules/next/dist/server/base-server.js:895:17)
    at async invokeRender (/app/node_modules/.pnpm/next@15.2.4_react-dom@18.3.1_react@18.3.1__react@18.3.1/node_modules/next/dist/server/lib/router-server.js:235:21)
    at async handleRequest (/app/node_modules/.pnpm/next@15.2.4_react-dom@18.3.1_react@18.3.1__react@18.3.1/node_modules/next/dist/server/lib/router-server.js:426:24)
    at async requestHandlerImpl (/app/node_modules/.pnpm/next@15.2.4_react-dom@18.3.1_react@18.3.1__react@18.3.1/node_modules/next/dist/server/lib/router-server.js:450:13)
[2025-05-20T16:44:36.563Z] error: Failed to load services.yaml, please check for errors
[2025-05-20T16:44:36.564Z] error: TypeError: t.map is not a function
[2025-05-20T16:44:36.905Z] error: undefined
[2025-05-20T16:44:36.906Z] error: TypeError: s.map is not a function
    at m (/app/.next/server/pages/api/bookmarks.js:1:639)
    at async n (/app/.next/server/pages/api/bookmarks.js:1:3241)
    at async X (/app/node_modules/.pnpm/next@15.2.4_react-dom@18.3.1_react@18.3.1__react@18.3.1/node_modules/next/dist/compiled/next-server/pages-api.runtime.prod.js:20:18441)
    at async z.render (/app/node_modules/.pnpm/next@15.2.4_react-dom@18.3.1_react@18.3.1__react@18.3.1/node_modules/next/dist/compiled/next-server/pages-api.runtime.prod.js:20:19237)
    at async NextNodeServer.runApi (/app/node_modules/.pnpm/next@15.2.4_react-dom@18.3.1_react@18.3.1__react@18.3.1/node_modules/next/dist/server/next-server.js:664:9)
    at async NextNodeServer.handleCatchallRenderRequest (/app/node_modules/.pnpm/next@15.2.4_react-dom@18.3.1_react@18.3.1__react@18.3.1/node_modules/next/dist/server/next-server.js:301:37)
    at async NextNodeServer.handleRequestImpl (/app/node_modules/.pnpm/next@15.2.4_react-dom@18.3.1_react@18.3.1__react@18.3.1/node_modules/next/dist/server/base-server.js:895:17)
    at async invokeRender (/app/node_modules/.pnpm/next@15.2.4_react-dom@18.3.1_react@18.3.1__react@18.3.1/node_modules/next/dist/server/lib/router-server.js:235:21)
    at async handleRequest (/app/node_modules/.pnpm/next@15.2.4_react-dom@18.3.1_react@18.3.1__react@18.3.1/node_modules/next/dist/server/lib/router-server.js:426:24)
    at async requestHandlerImpl (/app/node_modules/.pnpm/next@15.2.4_react-dom@18.3.1_react@18.3.1__react@18.3.1/node_modules/next/dist/server/lib/router-server.js:450:13)
[2025-05-20T16:44:36.907Z] error: Failed to load services.yaml, please check for errors
[2025-05-20T16:44:36.907Z] error: TypeError: t.map is not a function
[2025-05-20T16:44:37.222Z] error: undefined
[2025-05-20T16:44:37.223Z] error: TypeError: s.map is not a function
    at m (/app/.next/server/pages/api/bookmarks.js:1:639)
    at async n (/app/.next/server/pages/api/bookmarks.js:1:3241)
    at async X (/app/node_modules/.pnpm/next@15.2.4_react-dom@18.3.1_react@18.3.1__react@18.3.1/node_modules/next/dist/compiled/next-server/pages-api.runtime.prod.js:20:18441)
    at async z.render (/app/node_modules/.pnpm/next@15.2.4_react-dom@18.3.1_react@18.3.1__react@18.3.1/node_modules/next/dist/compiled/next-server/pages-api.runtime.prod.js:20:19237)
    at async NextNodeServer.runApi (/app/node_modules/.pnpm/next@15.2.4_react-dom@18.3.1_react@18.3.1__react@18.3.1/node_modules/next/dist/server/next-server.js:664:9)
    at async NextNodeServer.handleCatchallRenderRequest (/app/node_modules/.pnpm/next@15.2.4_react-dom@18.3.1_react@18.3.1__react@18.3.1/node_modules/next/dist/server/next-server.js:301:37)
    at async NextNodeServer.handleRequestImpl (/app/node_modules/.pnpm/next@15.2.4_react-dom@18.3.1_react@18.3.1__react@18.3.1/node_modules/next/dist/server/base-server.js:895:17)
    at async invokeRender (/app/node_modules/.pnpm/next@15.2.4_react-dom@18.3.1_react@18.3.1__react@18.3.1/node_modules/next/dist/server/lib/router-server.js:235:21)
    at async handleRequest (/app/node_modules/.pnpm/next@15.2.4_react-dom@18.3.1_react@18.3.1__react@18.3.1/node_modules/next/dist/server/lib/router-server.js:426:24)
    at async requestHandlerImpl (/app/node_modules/.pnpm/next@15.2.4_react-dom@18.3.1_react@18.3.1__react@18.3.1/node_modules/next/dist/server/lib/router-server.js:450:13)
[2025-05-20T16:44:37.224Z] error: Failed to load services.yaml, please check for errors
[2025-05-20T16:44:37.224Z] error: TypeError: t.map is not a function
[2025-05-20T16:44:37.547Z] error: undefined
[2025-05-20T16:44:37.548Z] error: TypeError: s.map is not a function
    at m (/app/.next/server/pages/api/bookmarks.js:1:639)
    at async n (/app/.next/server/pages/api/bookmarks.js:1:3241)
    at async X (/app/node_modules/.pnpm/next@15.2.4_react-dom@18.3.1_react@18.3.1__react@18.3.1/node_modules/next/dist/compiled/next-server/pages-api.runtime.prod.js:20:18441)
    at async z.render (/app/node_modules/.pnpm/next@15.2.4_react-dom@18.3.1_react@18.3.1__react@18.3.1/node_modules/next/dist/compiled/next-server/pages-api.runtime.prod.js:20:19237)
    at async NextNodeServer.runApi (/app/node_modules/.pnpm/next@15.2.4_react-dom@18.3.1_react@18.3.1__react@18.3.1/node_modules/next/dist/server/next-server.js:664:9)
    at async NextNodeServer.handleCatchallRenderRequest (/app/node_modules/.pnpm/next@15.2.4_react-dom@18.3.1_react@18.3.1__react@18.3.1/node_modules/next/dist/server/next-server.js:301:37)
    at async NextNodeServer.handleRequestImpl (/app/node_modules/.pnpm/next@15.2.4_react-dom@18.3.1_react@18.3.1__react@18.3.1/node_modules/next/dist/server/base-server.js:895:17)
    at async invokeRender (/app/node_modules/.pnpm/next@15.2.4_react-dom@18.3.1_react@18.3.1__react@18.3.1/node_modules/next/dist/server/lib/router-server.js:235:21)
    at async handleRequest (/app/node_modules/.pnpm/next@15.2.4_react-dom@18.3.1_react@18.3.1__react@18.3.1/node_modules/next/dist/server/lib/router-server.js:426:24)
    at async requestHandlerImpl (/app/node_modules/.pnpm/next@15.2.4_react-dom@18.3.1_react@18.3.1__react@18.3.1/node_modules/next/dist/server/lib/router-server.js:450:13)
[2025-05-20T16:44:37.549Z] error: Failed to load services.yaml, please check for errors
[2025-05-20T16:44:37.549Z] error: TypeError: t.map is not a function
[2025-05-20T16:44:40.332Z] error: undefined
[2025-05-20T16:44:40.336Z] error: TypeError: s.map is not a function
    at m (/app/.next/server/pages/api/bookmarks.js:1:639)
    at async n (/app/.next/server/pages/api/bookmarks.js:1:3241)
    at async X (/app/node_modules/.pnpm/next@15.2.4_react-dom@18.3.1_react@18.3.1__react@18.3.1/node_modules/next/dist/compiled/next-server/pages-api.runtime.prod.js:20:18441)
    at async z.render (/app/node_modules/.pnpm/next@15.2.4_react-dom@18.3.1_react@18.3.1__react@18.3.1/node_modules/next/dist/compiled/next-server/pages-api.runtime.prod.js:20:19237)
    at async NextNodeServer.runApi (/app/node_modules/.pnpm/next@15.2.4_react-dom@18.3.1_react@18.3.1__react@18.3.1/node_modules/next/dist/server/next-server.js:664:9)
    at async NextNodeServer.handleCatchallRenderRequest (/app/node_modules/.pnpm/next@15.2.4_react-dom@18.3.1_react@18.3.1__react@18.3.1/node_modules/next/dist/server/next-server.js:301:37)
    at async NextNodeServer.handleRequestImpl (/app/node_modules/.pnpm/next@15.2.4_react-dom@18.3.1_react@18.3.1__react@18.3.1/node_modules/next/dist/server/base-server.js:895:17)
    at async invokeRender (/app/node_modules/.pnpm/next@15.2.4_react-dom@18.3.1_react@18.3.1__react@18.3.1/node_modules/next/dist/server/lib/router-server.js:235:21)
    at async handleRequest (/app/node_modules/.pnpm/next@15.2.4_react-dom@18.3.1_react@18.3.1__react@18.3.1/node_modules/next/dist/server/lib/router-server.js:426:24)
    at async requestHandlerImpl (/app/node_modules/.pnpm/next@15.2.4_react-dom@18.3.1_react@18.3.1__react@18.3.1/node_modules/next/dist/server/lib/router-server.js:450:13)
[2025-05-20T16:44:40.339Z] error: Failed to load services.yaml, please check for errors
[2025-05-20T16:44:40.340Z] error: TypeError: t.map is not a function
[2025-05-20T16:44:40.372Z] error: Failed to load services.yaml, please check for errors
[2025-05-20T16:44:40.372Z] error: TypeError: t.map is not a function
[2025-05-20T16:44:40.373Z] error: <index> TypeError: o.map is not a function
    at f (/app/.next/server/pages/index.js:4:61990)
    at async L (/app/.next/server/pages/index.js:7:24333)
    at async e3 (/app/node_modules/.pnpm/next@15.2.4_react-dom@18.3.1_react@18.3.1__react@18.3.1/node_modules/next/dist/compiled/next-server/pages.runtime.prod.js:25:5108)
    at async doRender (/app/node_modules/.pnpm/next@15.2.4_react-dom@18.3.1_react@18.3.1__react@18.3.1/node_modules/next/dist/server/base-server.js:1593:38)
    at async /app/node_modules/.pnpm/next@15.2.4_react-dom@18.3.1_react@18.3.1__react@18.3.1/node_modules/next/dist/server/response-cache/index.js:84:36
    at async /app/node_modules/.pnpm/next@15.2.4_react-dom@18.3.1_react@18.3.1__react@18.3.1/node_modules/next/dist/lib/batcher.js:45:32
[2025-05-20T16:44:40.508Z] error: undefined
[2025-05-20T16:44:40.511Z] error: TypeError: s.map is not a function
    at m (/app/.next/server/pages/api/bookmarks.js:1:639)
    at async n (/app/.next/server/pages/api/bookmarks.js:1:3241)
    at async X (/app/node_modules/.pnpm/next@15.2.4_react-dom@18.3.1_react@18.3.1__react@18.3.1/node_modules/next/dist/compiled/next-server/pages-api.runtime.prod.js:20:18441)
    at async z.render (/app/node_modules/.pnpm/next@15.2.4_react-dom@18.3.1_react@18.3.1__react@18.3.1/node_modules/next/dist/compiled/next-server/pages-api.runtime.prod.js:20:19237)
    at async NextNodeServer.runApi (/app/node_modules/.pnpm/next@15.2.4_react-dom@18.3.1_react@18.3.1__react@18.3.1/node_modules/next/dist/server/next-server.js:664:9)
    at async NextNodeServer.handleCatchallRenderRequest (/app/node_modules/.pnpm/next@15.2.4_react-dom@18.3.1_react@18.3.1__react@18.3.1/node_modules/next/dist/server/next-server.js:301:37)
    at async NextNodeServer.handleRequestImpl (/app/node_modules/.pnpm/next@15.2.4_react-dom@18.3.1_react@18.3.1__react@18.3.1/node_modules/next/dist/server/base-server.js:895:17)
    at async invokeRender (/app/node_modules/.pnpm/next@15.2.4_react-dom@18.3.1_react@18.3.1__react@18.3.1/node_modules/next/dist/server/lib/router-server.js:235:21)
    at async handleRequest (/app/node_modules/.pnpm/next@15.2.4_react-dom@18.3.1_react@18.3.1__react@18.3.1/node_modules/next/dist/server/lib/router-server.js:426:24)
    at async requestHandlerImpl (/app/node_modules/.pnpm/next@15.2.4_react-dom@18.3.1_react@18.3.1__react@18.3.1/node_modules/next/dist/server/lib/router-server.js:450:13)
[2025-05-20T16:44:40.516Z] error: Failed to load services.yaml, please check for errors
[2025-05-20T16:44:40.516Z] error: TypeError: t.map is not a function
[2025-05-20T16:44:41.530Z] error: undefined
[2025-05-20T16:44:41.532Z] error: TypeError: s.map is not a function
    at m (/app/.next/server/pages/api/bookmarks.js:1:639)
    at async n (/app/.next/server/pages/api/bookmarks.js:1:3241)
    at async X (/app/node_modules/.pnpm/next@15.2.4_react-dom@18.3.1_react@18.3.1__react@18.3.1/node_modules/next/dist/compiled/next-server/pages-api.runtime.prod.js:20:18441)
    at async z.render (/app/node_modules/.pnpm/next@15.2.4_react-dom@18.3.1_react@18.3.1__react@18.3.1/node_modules/next/dist/compiled/next-server/pages-api.runtime.prod.js:20:19237)
    at async NextNodeServer.runApi (/app/node_modules/.pnpm/next@15.2.4_react-dom@18.3.1_react@18.3.1__react@18.3.1/node_modules/next/dist/server/next-server.js:664:9)
    at async NextNodeServer.handleCatchallRenderRequest (/app/node_modules/.pnpm/next@15.2.4_react-dom@18.3.1_react@18.3.1__react@18.3.1/node_modules/next/dist/server/next-server.js:301:37)
    at async NextNodeServer.handleRequestImpl (/app/node_modules/.pnpm/next@15.2.4_react-dom@18.3.1_react@18.3.1__react@18.3.1/node_modules/next/dist/server/base-server.js:895:17)
    at async invokeRender (/app/node_modules/.pnpm/next@15.2.4_react-dom@18.3.1_react@18.3.1__react@18.3.1/node_modules/next/dist/server/lib/router-server.js:235:21)
    at async handleRequest (/app/node_modules/.pnpm/next@15.2.4_react-dom@18.3.1_react@18.3.1__react@18.3.1/node_modules/next/dist/server/lib/router-server.js:426:24)
    at async requestHandlerImpl (/app/node_modules/.pnpm/next@15.2.4_react-dom@18.3.1_react@18.3.1__react@18.3.1/node_modules/next/dist/server/lib/router-server.js:450:13)
[2025-05-20T16:44:41.534Z] error: Failed to load services.yaml, please check for errors
[2025-05-20T16:44:41.534Z] error: TypeError: t.map is not a function
[2025-05-20T16:44:42.030Z] error: undefined
[2025-05-20T16:44:42.031Z] error: TypeError: s.map is not a function
    at m (/app/.next/server/pages/api/bookmarks.js:1:639)
    at async n (/app/.next/server/pages/api/bookmarks.js:1:3241)
    at async X (/app/node_modules/.pnpm/next@15.2.4_react-dom@18.3.1_react@18.3.1__react@18.3.1/node_modules/next/dist/compiled/next-server/pages-api.runtime.prod.js:20:18441)
    at async z.render (/app/node_modules/.pnpm/next@15.2.4_react-dom@18.3.1_react@18.3.1__react@18.3.1/node_modules/next/dist/compiled/next-server/pages-api.runtime.prod.js:20:19237)
    at async NextNodeServer.runApi (/app/node_modules/.pnpm/next@15.2.4_react-dom@18.3.1_react@18.3.1__react@18.3.1/node_modules/next/dist/server/next-server.js:664:9)
    at async NextNodeServer.handleCatchallRenderRequest (/app/node_modules/.pnpm/next@15.2.4_react-dom@18.3.1_react@18.3.1__react@18.3.1/node_modules/next/dist/server/next-server.js:301:37)
    at async NextNodeServer.handleRequestImpl (/app/node_modules/.pnpm/next@15.2.4_react-dom@18.3.1_react@18.3.1__react@18.3.1/node_modules/next/dist/server/base-server.js:895:17)
    at async invokeRender (/app/node_modules/.pnpm/next@15.2.4_react-dom@18.3.1_react@18.3.1__react@18.3.1/node_modules/next/dist/server/lib/router-server.js:235:21)
    at async handleRequest (/app/node_modules/.pnpm/next@15.2.4_react-dom@18.3.1_react@18.3.1__react@18.3.1/node_modules/next/dist/server/lib/router-server.js:426:24)
    at async requestHandlerImpl (/app/node_modules/.pnpm/next@15.2.4_react-dom@18.3.1_react@18.3.1__react@18.3.1/node_modules/next/dist/server/lib/router-server.js:450:13)
[2025-05-20T16:44:42.031Z] error: Failed to load services.yaml, please check for errors
[2025-05-20T16:44:42.032Z] error: TypeError: t.map is not a function
[2025-05-20T16:44:42.372Z] error: undefined
[2025-05-20T16:44:42.373Z] error: TypeError: s.map is not a function
    at m (/app/.next/server/pages/api/bookmarks.js:1:639)
    at async n (/app/.next/server/pages/api/bookmarks.js:1:3241)
    at async X (/app/node_modules/.pnpm/next@15.2.4_react-dom@18.3.1_react@18.3.1__react@18.3.1/node_modules/next/dist/compiled/next-server/pages-api.runtime.prod.js:20:18441)
    at async z.render (/app/node_modules/.pnpm/next@15.2.4_react-dom@18.3.1_react@18.3.1__react@18.3.1/node_modules/next/dist/compiled/next-server/pages-api.runtime.prod.js:20:19237)
    at async NextNodeServer.runApi (/app/node_modules/.pnpm/next@15.2.4_react-dom@18.3.1_react@18.3.1__react@18.3.1/node_modules/next/dist/server/next-server.js:664:9)
    at async NextNodeServer.handleCatchallRenderRequest (/app/node_modules/.pnpm/next@15.2.4_react-dom@18.3.1_react@18.3.1__react@18.3.1/node_modules/next/dist/server/next-server.js:301:37)
    at async NextNodeServer.handleRequestImpl (/app/node_modules/.pnpm/next@15.2.4_react-dom@18.3.1_react@18.3.1__react@18.3.1/node_modules/next/dist/server/base-server.js:895:17)
    at async invokeRender (/app/node_modules/.pnpm/next@15.2.4_react-dom@18.3.1_react@18.3.1__react@18.3.1/node_modules/next/dist/server/lib/router-server.js:235:21)
    at async handleRequest (/app/node_modules/.pnpm/next@15.2.4_react-dom@18.3.1_react@18.3.1__react@18.3.1/node_modules/next/dist/server/lib/router-server.js:426:24)
    at async requestHandlerImpl (/app/node_modules/.pnpm/next@15.2.4_react-dom@18.3.1_react@18.3.1__react@18.3.1/node_modules/next/dist/server/lib/router-server.js:450:13)
[2025-05-20T16:44:42.373Z] error: Failed to load services.yaml, please check for errors
[2025-05-20T16:44:42.373Z] error: TypeError: t.map is not a function
[2025-05-20T16:44:49.743Z] error: undefined
[2025-05-20T16:44:49.744Z] error: TypeError: s.map is not a function
    at m (/app/.next/server/pages/api/bookmarks.js:1:639)
    at async n (/app/.next/server/pages/api/bookmarks.js:1:3241)
    at async X (/app/node_modules/.pnpm/next@15.2.4_react-dom@18.3.1_react@18.3.1__react@18.3.1/node_modules/next/dist/compiled/next-server/pages-api.runtime.prod.js:20:18441)
    at async z.render (/app/node_modules/.pnpm/next@15.2.4_react-dom@18.3.1_react@18.3.1__react@18.3.1/node_modules/next/dist/compiled/next-server/pages-api.runtime.prod.js:20:19237)
    at async NextNodeServer.runApi (/app/node_modules/.pnpm/next@15.2.4_react-dom@18.3.1_react@18.3.1__react@18.3.1/node_modules/next/dist/server/next-server.js:664:9)
    at async NextNodeServer.handleCatchallRenderRequest (/app/node_modules/.pnpm/next@15.2.4_react-dom@18.3.1_react@18.3.1__react@18.3.1/node_modules/next/dist/server/next-server.js:301:37)
    at async NextNodeServer.handleRequestImpl (/app/node_modules/.pnpm/next@15.2.4_react-dom@18.3.1_react@18.3.1__react@18.3.1/node_modules/next/dist/server/base-server.js:895:17)
    at async invokeRender (/app/node_modules/.pnpm/next@15.2.4_react-dom@18.3.1_react@18.3.1__react@18.3.1/node_modules/next/dist/server/lib/router-server.js:235:21)
    at async handleRequest (/app/node_modules/.pnpm/next@15.2.4_react-dom@18.3.1_react@18.3.1__react@18.3.1/node_modules/next/dist/server/lib/router-server.js:426:24)
    at async requestHandlerImpl (/app/node_modules/.pnpm/next@15.2.4_react-dom@18.3.1_react@18.3.1__react@18.3.1/node_modules/next/dist/server/lib/router-server.js:450:13)
[2025-05-20T16:44:49.745Z] error: Failed to load services.yaml, please check for errors
[2025-05-20T16:44:49.745Z] error: TypeError: t.map is not a function
[2025-05-20T16:44:52.388Z] error: undefined
[2025-05-20T16:44:52.389Z] error: TypeError: s.map is not a function
    at m (/app/.next/server/pages/api/bookmarks.js:1:639)
    at async n (/app/.next/server/pages/api/bookmarks.js:1:3241)
    at async X (/app/node_modules/.pnpm/next@15.2.4_react-dom@18.3.1_react@18.3.1__react@18.3.1/node_modules/next/dist/compiled/next-server/pages-api.runtime.prod.js:20:18441)
    at async z.render (/app/node_modules/.pnpm/next@15.2.4_react-dom@18.3.1_react@18.3.1__react@18.3.1/node_modules/next/dist/compiled/next-server/pages-api.runtime.prod.js:20:19237)
    at async NextNodeServer.runApi (/app/node_modules/.pnpm/next@15.2.4_react-dom@18.3.1_react@18.3.1__react@18.3.1/node_modules/next/dist/server/next-server.js:664:9)
    at async NextNodeServer.handleCatchallRenderRequest (/app/node_modules/.pnpm/next@15.2.4_react-dom@18.3.1_react@18.3.1__react@18.3.1/node_modules/next/dist/server/next-server.js:301:37)
    at async NextNodeServer.handleRequestImpl (/app/node_modules/.pnpm/next@15.2.4_react-dom@18.3.1_react@18.3.1__react@18.3.1/node_modules/next/dist/server/base-server.js:895:17)
    at async invokeRender (/app/node_modules/.pnpm/next@15.2.4_react-dom@18.3.1_react@18.3.1__react@18.3.1/node_modules/next/dist/server/lib/router-server.js:235:21)
    at async handleRequest (/app/node_modules/.pnpm/next@15.2.4_react-dom@18.3.1_react@18.3.1__react@18.3.1/node_modules/next/dist/server/lib/router-server.js:426:24)
    at async requestHandlerImpl (/app/node_modules/.pnpm/next@15.2.4_react-dom@18.3.1_react@18.3.1__react@18.3.1/node_modules/next/dist/server/lib/router-server.js:450:13)
[2025-05-20T16:44:59.755Z] error: undefined
[2025-05-20T16:44:59.757Z] error: TypeError: s.map is not a function
    at m (/app/.next/server/pages/api/bookmarks.js:1:639)
    at async n (/app/.next/server/pages/api/bookmarks.js:1:3241)
    at async X (/app/node_modules/.pnpm/next@15.2.4_react-dom@18.3.1_react@18.3.1__react@18.3.1/node_modules/next/dist/compiled/next-server/pages-api.runtime.prod.js:20:18441)
    at async z.render (/app/node_modules/.pnpm/next@15.2.4_react-dom@18.3.1_react@18.3.1__react@18.3.1/node_modules/next/dist/compiled/next-server/pages-api.runtime.prod.js:20:19237)
    at async NextNodeServer.runApi (/app/node_modules/.pnpm/next@15.2.4_react-dom@18.3.1_react@18.3.1__react@18.3.1/node_modules/next/dist/server/next-server.js:664:9)
    at async NextNodeServer.handleCatchallRenderRequest (/app/node_modules/.pnpm/next@15.2.4_react-dom@18.3.1_react@18.3.1__react@18.3.1/node_modules/next/dist/server/next-server.js:301:37)
    at async NextNodeServer.handleRequestImpl (/app/node_modules/.pnpm/next@15.2.4_react-dom@18.3.1_react@18.3.1__react@18.3.1/node_modules/next/dist/server/base-server.js:895:17)
    at async invokeRender (/app/node_modules/.pnpm/next@15.2.4_react-dom@18.3.1_react@18.3.1__react@18.3.1/node_modules/next/dist/server/lib/router-server.js:235:21)
    at async handleRequest (/app/node_modules/.pnpm/next@15.2.4_react-dom@18.3.1_react@18.3.1__react@18.3.1/node_modules/next/dist/server/lib/router-server.js:426:24)
    at async requestHandlerImpl (/app/node_modules/.pnpm/next@15.2.4_react-dom@18.3.1_react@18.3.1__react@18.3.1/node_modules/next/dist/server/lib/router-server.js:450:13)
[2025-05-20T16:45:02.408Z] error: undefined
[2025-05-20T16:45:02.409Z] error: TypeError: s.map is not a function
    at m (/app/.next/server/pages/api/bookmarks.js:1:639)
    at async n (/app/.next/server/pages/api/bookmarks.js:1:3241)
    at async X (/app/node_modules/.pnpm/next@15.2.4_react-dom@18.3.1_react@18.3.1__react@18.3.1/node_modules/next/dist/compiled/next-server/pages-api.runtime.prod.js:20:18441)
    at async z.render (/app/node_modules/.pnpm/next@15.2.4_react-dom@18.3.1_react@18.3.1__react@18.3.1/node_modules/next/dist/compiled/next-server/pages-api.runtime.prod.js:20:19237)
    at async NextNodeServer.runApi (/app/node_modules/.pnpm/next@15.2.4_react-dom@18.3.1_react@18.3.1__react@18.3.1/node_modules/next/dist/server/next-server.js:664:9)
    at async NextNodeServer.handleCatchallRenderRequest (/app/node_modules/.pnpm/next@15.2.4_react-dom@18.3.1_react@18.3.1__react@18.3.1/node_modules/next/dist/server/next-server.js:301:37)
    at async NextNodeServer.handleRequestImpl (/app/node_modules/.pnpm/next@15.2.4_react-dom@18.3.1_react@18.3.1__react@18.3.1/node_modules/next/dist/server/base-server.js:895:17)
    at async invokeRender (/app/node_modules/.pnpm/next@15.2.4_react-dom@18.3.1_react@18.3.1__react@18.3.1/node_modules/next/dist/server/lib/router-server.js:235:21)
    at async handleRequest (/app/node_modules/.pnpm/next@15.2.4_react-dom@18.3.1_react@18.3.1__react@18.3.1/node_modules/next/dist/server/lib/router-server.js:426:24)
    at async requestHandlerImpl (/app/node_modules/.pnpm/next@15.2.4_react-dom@18.3.1_react@18.3.1__react@18.3.1/node_modules/next/dist/server/lib/router-server.js:450:13)
[2025-05-20T16:45:15.487Z] error: undefined
[2025-05-20T16:45:15.488Z] error: TypeError: s.map is not a function
    at m (/app/.next/server/pages/api/bookmarks.js:1:639)
    at async n (/app/.next/server/pages/api/bookmarks.js:1:3241)
    at async X (/app/node_modules/.pnpm/next@15.2.4_react-dom@18.3.1_react@18.3.1__react@18.3.1/node_modules/next/dist/compiled/next-server/pages-api.runtime.prod.js:20:18441)
    at async z.render (/app/node_modules/.pnpm/next@15.2.4_react-dom@18.3.1_react@18.3.1__react@18.3.1/node_modules/next/dist/compiled/next-server/pages-api.runtime.prod.js:20:19237)
    at async NextNodeServer.runApi (/app/node_modules/.pnpm/next@15.2.4_react-dom@18.3.1_react@18.3.1__react@18.3.1/node_modules/next/dist/server/next-server.js:664:9)
    at async NextNodeServer.handleCatchallRenderRequest (/app/node_modules/.pnpm/next@15.2.4_react-dom@18.3.1_react@18.3.1__react@18.3.1/node_modules/next/dist/server/next-server.js:301:37)
    at async NextNodeServer.handleRequestImpl (/app/node_modules/.pnpm/next@15.2.4_react-dom@18.3.1_react@18.3.1__react@18.3.1/node_modules/next/dist/server/base-server.js:895:17)
    at async invokeRender (/app/node_modules/.pnpm/next@15.2.4_react-dom@18.3.1_react@18.3.1__react@18.3.1/node_modules/next/dist/server/lib/router-server.js:235:21)
    at async handleRequest (/app/node_modules/.pnpm/next@15.2.4_react-dom@18.3.1_react@18.3.1__react@18.3.1/node_modules/next/dist/server/lib/router-server.js:426:24)
    at async requestHandlerImpl (/app/node_modules/.pnpm/next@15.2.4_react-dom@18.3.1_react@18.3.1__react@18.3.1/node_modules/next/dist/server/lib/router-server.js:450:13)
[2025-05-20T16:45:52.485Z] error: undefined
[2025-05-20T16:45:52.485Z] error: TypeError: s.map is not a function
    at m (/app/.next/server/pages/api/bookmarks.js:1:639)
    at async n (/app/.next/server/pages/api/bookmarks.js:1:3241)
    at async X (/app/node_modules/.pnpm/next@15.2.4_react-dom@18.3.1_react@18.3.1__react@18.3.1/node_modules/next/dist/compiled/next-server/pages-api.runtime.prod.js:20:18441)
    at async z.render (/app/node_modules/.pnpm/next@15.2.4_react-dom@18.3.1_react@18.3.1__react@18.3.1/node_modules/next/dist/compiled/next-server/pages-api.runtime.prod.js:20:19237)
    at async NextNodeServer.runApi (/app/node_modules/.pnpm/next@15.2.4_react-dom@18.3.1_react@18.3.1__react@18.3.1/node_modules/next/dist/server/next-server.js:664:9)
    at async NextNodeServer.handleCatchallRenderRequest (/app/node_modules/.pnpm/next@15.2.4_react-dom@18.3.1_react@18.3.1__react@18.3.1/node_modules/next/dist/server/next-server.js:301:37)
    at async NextNodeServer.handleRequestImpl (/app/node_modules/.pnpm/next@15.2.4_react-dom@18.3.1_react@18.3.1__react@18.3.1/node_modules/next/dist/server/base-server.js:895:17)
    at async invokeRender (/app/node_modules/.pnpm/next@15.2.4_react-dom@18.3.1_react@18.3.1__react@18.3.1/node_modules/next/dist/server/lib/router-server.js:235:21)
    at async handleRequest (/app/node_modules/.pnpm/next@15.2.4_react-dom@18.3.1_react@18.3.1__react@18.3.1/node_modules/next/dist/server/lib/router-server.js:426:24)
    at async requestHandlerImpl (/app/node_modules/.pnpm/next@15.2.4_react-dom@18.3.1_react@18.3.1__react@18.3.1/node_modules/next/dist/server/lib/router-server.js:450:13)
[2025-05-20T16:46:42.876Z] error: undefined
[2025-05-20T16:46:42.882Z] error: TypeError: Invalid URL
    at new URL (node:internal/url:818:25)
    at d (/app/.next/server/pages/index.js:7:13690)
    at Wc (/app/node_modules/.pnpm/react-dom@18.3.1_react@18.3.1/node_modules/react-dom/cjs/react-dom-server.browser.production.min.js:68:44)
    at Zc (/app/node_modules/.pnpm/react-dom@18.3.1_react@18.3.1/node_modules/react-dom/cjs/react-dom-server.browser.production.min.js:70:253)
    at Z (/app/node_modules/.pnpm/react-dom@18.3.1_react@18.3.1/node_modules/react-dom/cjs/react-dom-server.browser.production.min.js:76:89)
    at $c (/app/node_modules/.pnpm/react-dom@18.3.1_react@18.3.1/node_modules/react-dom/cjs/react-dom-server.browser.production.min.js:78:98)
    at bd (/app/node_modules/.pnpm/react-dom@18.3.1_react@18.3.1/node_modules/react-dom/cjs/react-dom-server.browser.production.min.js:77:404)
    at Z (/app/node_modules/.pnpm/react-dom@18.3.1_react@18.3.1/node_modules/react-dom/cjs/react-dom-server.browser.production.min.js:76:217)
    at $c (/app/node_modules/.pnpm/react-dom@18.3.1_react@18.3.1/node_modules/react-dom/cjs/react-dom-server.browser.production.min.js:78:98)
    at Zc (/app/node_modules/.pnpm/react-dom@18.3.1_react@18.3.1/node_modules/react-dom/cjs/react-dom-server.browser.production.min.js:71:145)
[2025-05-20T16:46:42.891Z] error: TypeError: Invalid URL
    at new URL (node:internal/url:818:25)
    at d (/app/.next/server/pages/index.js:7:13690)
    at Wc (/app/node_modules/.pnpm/react-dom@18.3.1_react@18.3.1/node_modules/react-dom/cjs/react-dom-server.browser.production.min.js:68:44)
    at Zc (/app/node_modules/.pnpm/react-dom@18.3.1_react@18.3.1/node_modules/react-dom/cjs/react-dom-server.browser.production.min.js:70:253)
    at Z (/app/node_modules/.pnpm/react-dom@18.3.1_react@18.3.1/node_modules/react-dom/cjs/react-dom-server.browser.production.min.js:76:89)
    at $c (/app/node_modules/.pnpm/react-dom@18.3.1_react@18.3.1/node_modules/react-dom/cjs/react-dom-server.browser.production.min.js:78:98)
    at bd (/app/node_modules/.pnpm/react-dom@18.3.1_react@18.3.1/node_modules/react-dom/cjs/react-dom-server.browser.production.min.js:77:404)
    at Z (/app/node_modules/.pnpm/react-dom@18.3.1_react@18.3.1/node_modules/react-dom/cjs/react-dom-server.browser.production.min.js:76:217)
    at $c (/app/node_modules/.pnpm/react-dom@18.3.1_react@18.3.1/node_modules/react-dom/cjs/react-dom-server.browser.production.min.js:78:98)
    at Zc (/app/node_modules/.pnpm/react-dom@18.3.1_react@18.3.1/node_modules/react-dom/cjs/react-dom-server.browser.production.min.js:71:145)
[2025-05-20T16:48:34.667Z] error: undefined
[2025-05-20T16:48:34.673Z] error: TypeError: Invalid URL
    at new URL (node:internal/url:818:25)
    at d (/app/.next/server/pages/index.js:7:13690)
    at Wc (/app/node_modules/.pnpm/react-dom@18.3.1_react@18.3.1/node_modules/react-dom/cjs/react-dom-server.browser.production.min.js:68:44)
    at Zc (/app/node_modules/.pnpm/react-dom@18.3.1_react@18.3.1/node_modules/react-dom/cjs/react-dom-server.browser.production.min.js:70:253)
    at Z (/app/node_modules/.pnpm/react-dom@18.3.1_react@18.3.1/node_modules/react-dom/cjs/react-dom-server.browser.production.min.js:76:89)
    at $c (/app/node_modules/.pnpm/react-dom@18.3.1_react@18.3.1/node_modules/react-dom/cjs/react-dom-server.browser.production.min.js:78:98)
    at bd (/app/node_modules/.pnpm/react-dom@18.3.1_react@18.3.1/node_modules/react-dom/cjs/react-dom-server.browser.production.min.js:77:404)
    at Z (/app/node_modules/.pnpm/react-dom@18.3.1_react@18.3.1/node_modules/react-dom/cjs/react-dom-server.browser.production.min.js:76:217)
    at $c (/app/node_modules/.pnpm/react-dom@18.3.1_react@18.3.1/node_modules/react-dom/cjs/react-dom-server.browser.production.min.js:78:98)
    at Zc (/app/node_modules/.pnpm/react-dom@18.3.1_react@18.3.1/node_modules/react-dom/cjs/react-dom-server.browser.production.min.js:71:145)
[2025-05-20T16:48:34.685Z] error: TypeError: Invalid URL
    at new URL (node:internal/url:818:25)
    at d (/app/.next/server/pages/index.js:7:13690)
    at Wc (/app/node_modules/.pnpm/react-dom@18.3.1_react@18.3.1/node_modules/react-dom/cjs/react-dom-server.browser.production.min.js:68:44)
    at Zc (/app/node_modules/.pnpm/react-dom@18.3.1_react@18.3.1/node_modules/react-dom/cjs/react-dom-server.browser.production.min.js:70:253)
    at Z (/app/node_modules/.pnpm/react-dom@18.3.1_react@18.3.1/node_modules/react-dom/cjs/react-dom-server.browser.production.min.js:76:89)
    at $c (/app/node_modules/.pnpm/react-dom@18.3.1_react@18.3.1/node_modules/react-dom/cjs/react-dom-server.browser.production.min.js:78:98)
    at bd (/app/node_modules/.pnpm/react-dom@18.3.1_react@18.3.1/node_modules/react-dom/cjs/react-dom-server.browser.production.min.js:77:404)
    at Z (/app/node_modules/.pnpm/react-dom@18.3.1_react@18.3.1/node_modules/react-dom/cjs/react-dom-server.browser.production.min.js:76:217)
    at $c (/app/node_modules/.pnpm/react-dom@18.3.1_react@18.3.1/node_modules/react-dom/cjs/react-dom-server.browser.production.min.js:78:98)
    at Zc (/app/node_modules/.pnpm/react-dom@18.3.1_react@18.3.1/node_modules/react-dom/cjs/react-dom-server.browser.production.min.js:71:145)
[2025-05-20T16:48:38.176Z] error: undefined
[2025-05-20T16:48:38.177Z] error: TypeError: Invalid URL
    at new URL (node:internal/url:818:25)
    at d (/app/.next/server/pages/index.js:7:13690)
    at Wc (/app/node_modules/.pnpm/react-dom@18.3.1_react@18.3.1/node_modules/react-dom/cjs/react-dom-server.browser.production.min.js:68:44)
    at Zc (/app/node_modules/.pnpm/react-dom@18.3.1_react@18.3.1/node_modules/react-dom/cjs/react-dom-server.browser.production.min.js:70:253)
    at Z (/app/node_modules/.pnpm/react-dom@18.3.1_react@18.3.1/node_modules/react-dom/cjs/react-dom-server.browser.production.min.js:76:89)
    at $c (/app/node_modules/.pnpm/react-dom@18.3.1_react@18.3.1/node_modules/react-dom/cjs/react-dom-server.browser.production.min.js:78:98)
    at bd (/app/node_modules/.pnpm/react-dom@18.3.1_react@18.3.1/node_modules/react-dom/cjs/react-dom-server.browser.production.min.js:77:404)
    at Z (/app/node_modules/.pnpm/react-dom@18.3.1_react@18.3.1/node_modules/react-dom/cjs/react-dom-server.browser.production.min.js:76:217)
    at $c (/app/node_modules/.pnpm/react-dom@18.3.1_react@18.3.1/node_modules/react-dom/cjs/react-dom-server.browser.production.min.js:78:98)
    at Zc (/app/node_modules/.pnpm/react-dom@18.3.1_react@18.3.1/node_modules/react-dom/cjs/react-dom-server.browser.production.min.js:71:145)
[2025-05-20T16:48:38.179Z] error: undefined
[2025-05-20T16:50:00.639Z] error: undefined
[2025-05-20T16:50:00.641Z] error: TypeError: Invalid URL
    at new URL (node:internal/url:818:25)
    at d (/app/.next/server/pages/index.js:7:13690)
    at Wc (/app/node_modules/.pnpm/react-dom@18.3.1_react@18.3.1/node_modules/react-dom/cjs/react-dom-server.browser.production.min.js:68:44)
    at Zc (/app/node_modules/.pnpm/react-dom@18.3.1_react@18.3.1/node_modules/react-dom/cjs/react-dom-server.browser.production.min.js:70:253)
    at Z (/app/node_modules/.pnpm/react-dom@18.3.1_react@18.3.1/node_modules/react-dom/cjs/react-dom-server.browser.production.min.js:76:89)
    at $c (/app/node_modules/.pnpm/react-dom@18.3.1_react@18.3.1/node_modules/react-dom/cjs/react-dom-server.browser.production.min.js:78:98)
    at bd (/app/node_modules/.pnpm/react-dom@18.3.1_react@18.3.1/node_modules/react-dom/cjs/react-dom-server.browser.production.min.js:77:404)
    at Z (/app/node_modules/.pnpm/react-dom@18.3.1_react@18.3.1/node_modules/react-dom/cjs/react-dom-server.browser.production.min.js:76:217)
    at $c (/app/node_modules/.pnpm/react-dom@18.3.1_react@18.3.1/node_modules/react-dom/cjs/react-dom-server.browser.production.min.js:78:98)
    at Zc (/app/node_modules/.pnpm/react-dom@18.3.1_react@18.3.1/node_modules/react-dom/cjs/react-dom-server.browser.production.min.js:71:145)
[2025-05-20T16:50:00.647Z] error: TypeError: Invalid URL
    at new URL (node:internal/url:818:25)
    at d (/app/.next/server/pages/index.js:7:13690)
    at Wc (/app/node_modules/.pnpm/react-dom@18.3.1_react@18.3.1/node_modules/react-dom/cjs/react-dom-server.browser.production.min.js:68:44)
    at Zc (/app/node_modules/.pnpm/react-dom@18.3.1_react@18.3.1/node_modules/react-dom/cjs/react-dom-server.browser.production.min.js:70:253)
    at Z (/app/node_modules/.pnpm/react-dom@18.3.1_react@18.3.1/node_modules/react-dom/cjs/react-dom-server.browser.production.min.js:76:89)
    at $c (/app/node_modules/.pnpm/react-dom@18.3.1_react@18.3.1/node_modules/react-dom/cjs/react-dom-server.browser.production.min.js:78:98)
    at bd (/app/node_modules/.pnpm/react-dom@18.3.1_react@18.3.1/node_modules/react-dom/cjs/react-dom-server.browser.production.min.js:77:404)
    at Z (/app/node_modules/.pnpm/react-dom@18.3.1_react@18.3.1/node_modules/react-dom/cjs/react-dom-server.browser.production.min.js:76:217)
    at $c (/app/node_modules/.pnpm/react-dom@18.3.1_react@18.3.1/node_modules/react-dom/cjs/react-dom-server.browser.production.min.js:78:98)
    at Zc (/app/node_modules/.pnpm/react-dom@18.3.1_react@18.3.1/node_modules/react-dom/cjs/react-dom-server.browser.production.min.js:71:145)
[2025-05-20T16:50:10.728Z] error: undefined
[2025-05-20T16:50:10.733Z] error: TypeError: Invalid URL
    at new URL (node:internal/url:818:25)
    at d (/app/.next/server/pages/index.js:7:13690)
    at Wc (/app/node_modules/.pnpm/react-dom@18.3.1_react@18.3.1/node_modules/react-dom/cjs/react-dom-server.browser.production.min.js:68:44)
    at Zc (/app/node_modules/.pnpm/react-dom@18.3.1_react@18.3.1/node_modules/react-dom/cjs/react-dom-server.browser.production.min.js:70:253)
    at Z (/app/node_modules/.pnpm/react-dom@18.3.1_react@18.3.1/node_modules/react-dom/cjs/react-dom-server.browser.production.min.js:76:89)
    at $c (/app/node_modules/.pnpm/react-dom@18.3.1_react@18.3.1/node_modules/react-dom/cjs/react-dom-server.browser.production.min.js:78:98)
    at bd (/app/node_modules/.pnpm/react-dom@18.3.1_react@18.3.1/node_modules/react-dom/cjs/react-dom-server.browser.production.min.js:77:404)
    at Z (/app/node_modules/.pnpm/react-dom@18.3.1_react@18.3.1/node_modules/react-dom/cjs/react-dom-server.browser.production.min.js:76:217)
    at $c (/app/node_modules/.pnpm/react-dom@18.3.1_react@18.3.1/node_modules/react-dom/cjs/react-dom-server.browser.production.min.js:78:98)
    at Zc (/app/node_modules/.pnpm/react-dom@18.3.1_react@18.3.1/node_modules/react-dom/cjs/react-dom-server.browser.production.min.js:71:145)
[2025-05-20T16:50:10.741Z] error: TypeError: Invalid URL
    at new URL (node:internal/url:818:25)
    at d (/app/.next/server/pages/index.js:7:13690)
    at Wc (/app/node_modules/.pnpm/react-dom@18.3.1_react@18.3.1/node_modules/react-dom/cjs/react-dom-server.browser.production.min.js:68:44)
    at Zc (/app/node_modules/.pnpm/react-dom@18.3.1_react@18.3.1/node_modules/react-dom/cjs/react-dom-server.browser.production.min.js:70:253)
    at Z (/app/node_modules/.pnpm/react-dom@18.3.1_react@18.3.1/node_modules/react-dom/cjs/react-dom-server.browser.production.min.js:76:89)
    at $c (/app/node_modules/.pnpm/react-dom@18.3.1_react@18.3.1/node_modules/react-dom/cjs/react-dom-server.browser.production.min.js:78:98)
    at bd (/app/node_modules/.pnpm/react-dom@18.3.1_react@18.3.1/node_modules/react-dom/cjs/react-dom-server.browser.production.min.js:77:404)
    at Z (/app/node_modules/.pnpm/react-dom@18.3.1_react@18.3.1/node_modules/react-dom/cjs/react-dom-server.browser.production.min.js:76:217)
    at $c (/app/node_modules/.pnpm/react-dom@18.3.1_react@18.3.1/node_modules/react-dom/cjs/react-dom-server.browser.production.min.js:78:98)
    at Zc (/app/node_modules/.pnpm/react-dom@18.3.1_react@18.3.1/node_modules/react-dom/cjs/react-dom-server.browser.production.min.js:71:145)
[2025-05-20T16:50:22.868Z] error: undefined
[2025-05-20T16:50:22.869Z] error: TypeError: Invalid URL
    at new URL (node:internal/url:818:25)
    at d (/app/.next/server/pages/index.js:7:13690)
    at Wc (/app/node_modules/.pnpm/react-dom@18.3.1_react@18.3.1/node_modules/react-dom/cjs/react-dom-server.browser.production.min.js:68:44)
    at Zc (/app/node_modules/.pnpm/react-dom@18.3.1_react@18.3.1/node_modules/react-dom/cjs/react-dom-server.browser.production.min.js:70:253)
    at Z (/app/node_modules/.pnpm/react-dom@18.3.1_react@18.3.1/node_modules/react-dom/cjs/react-dom-server.browser.production.min.js:76:89)
    at $c (/app/node_modules/.pnpm/react-dom@18.3.1_react@18.3.1/node_modules/react-dom/cjs/react-dom-server.browser.production.min.js:78:98)
    at bd (/app/node_modules/.pnpm/react-dom@18.3.1_react@18.3.1/node_modules/react-dom/cjs/react-dom-server.browser.production.min.js:77:404)
    at Z (/app/node_modules/.pnpm/react-dom@18.3.1_react@18.3.1/node_modules/react-dom/cjs/react-dom-server.browser.production.min.js:76:217)
    at $c (/app/node_modules/.pnpm/react-dom@18.3.1_react@18.3.1/node_modules/react-dom/cjs/react-dom-server.browser.production.min.js:78:98)
    at Zc (/app/node_modules/.pnpm/react-dom@18.3.1_react@18.3.1/node_modules/react-dom/cjs/react-dom-server.browser.production.min.js:71:145)
[2025-05-20T16:50:22.870Z] error: undefined
[2025-05-20T16:59:10.508Z] error: undefined
[2025-05-20T16:59:10.514Z] error: TypeError: Invalid URL
    at new URL (node:internal/url:818:25)
    at d (/app/.next/server/pages/index.js:7:13690)
    at Wc (/app/node_modules/.pnpm/react-dom@18.3.1_react@18.3.1/node_modules/react-dom/cjs/react-dom-server.browser.production.min.js:68:44)
    at Zc (/app/node_modules/.pnpm/react-dom@18.3.1_react@18.3.1/node_modules/react-dom/cjs/react-dom-server.browser.production.min.js:70:253)
    at Z (/app/node_modules/.pnpm/react-dom@18.3.1_react@18.3.1/node_modules/react-dom/cjs/react-dom-server.browser.production.min.js:76:89)
    at $c (/app/node_modules/.pnpm/react-dom@18.3.1_react@18.3.1/node_modules/react-dom/cjs/react-dom-server.browser.production.min.js:78:98)
    at bd (/app/node_modules/.pnpm/react-dom@18.3.1_react@18.3.1/node_modules/react-dom/cjs/react-dom-server.browser.production.min.js:77:404)
    at Z (/app/node_modules/.pnpm/react-dom@18.3.1_react@18.3.1/node_modules/react-dom/cjs/react-dom-server.browser.production.min.js:76:217)
    at $c (/app/node_modules/.pnpm/react-dom@18.3.1_react@18.3.1/node_modules/react-dom/cjs/react-dom-server.browser.production.min.js:78:98)
    at Zc (/app/node_modules/.pnpm/react-dom@18.3.1_react@18.3.1/node_modules/react-dom/cjs/react-dom-server.browser.production.min.js:71:145)
[2025-05-20T16:59:10.525Z] error: TypeError: Invalid URL
    at new URL (node:internal/url:818:25)
    at d (/app/.next/server/pages/index.js:7:13690)
    at Wc (/app/node_modules/.pnpm/react-dom@18.3.1_react@18.3.1/node_modules/react-dom/cjs/react-dom-server.browser.production.min.js:68:44)
    at Zc (/app/node_modules/.pnpm/react-dom@18.3.1_react@18.3.1/node_modules/react-dom/cjs/react-dom-server.browser.production.min.js:70:253)
    at Z (/app/node_modules/.pnpm/react-dom@18.3.1_react@18.3.1/node_modules/react-dom/cjs/react-dom-server.browser.production.min.js:76:89)
    at $c (/app/node_modules/.pnpm/react-dom@18.3.1_react@18.3.1/node_modules/react-dom/cjs/react-dom-server.browser.production.min.js:78:98)
    at bd (/app/node_modules/.pnpm/react-dom@18.3.1_react@18.3.1/node_modules/react-dom/cjs/react-dom-server.browser.production.min.js:77:404)
    at Z (/app/node_modules/.pnpm/react-dom@18.3.1_react@18.3.1/node_modules/react-dom/cjs/react-dom-server.browser.production.min.js:76:217)
    at $c (/app/node_modules/.pnpm/react-dom@18.3.1_react@18.3.1/node_modules/react-dom/cjs/react-dom-server.browser.production.min.js:78:98)
    at Zc (/app/node_modules/.pnpm/react-dom@18.3.1_react@18.3.1/node_modules/react-dom/cjs/react-dom-server.browser.production.min.js:71:145)
[2025-05-20T17:02:35.135Z] error: undefined
[2025-05-20T17:02:35.142Z] error: TypeError: Invalid URL
    at new URL (node:internal/url:818:25)
    at d (/app/.next/server/pages/index.js:7:13690)
    at Wc (/app/node_modules/.pnpm/react-dom@18.3.1_react@18.3.1/node_modules/react-dom/cjs/react-dom-server.browser.production.min.js:68:44)
    at Zc (/app/node_modules/.pnpm/react-dom@18.3.1_react@18.3.1/node_modules/react-dom/cjs/react-dom-server.browser.production.min.js:70:253)
    at Z (/app/node_modules/.pnpm/react-dom@18.3.1_react@18.3.1/node_modules/react-dom/cjs/react-dom-server.browser.production.min.js:76:89)
    at $c (/app/node_modules/.pnpm/react-dom@18.3.1_react@18.3.1/node_modules/react-dom/cjs/react-dom-server.browser.production.min.js:78:98)
    at bd (/app/node_modules/.pnpm/react-dom@18.3.1_react@18.3.1/node_modules/react-dom/cjs/react-dom-server.browser.production.min.js:77:404)
    at Z (/app/node_modules/.pnpm/react-dom@18.3.1_react@18.3.1/node_modules/react-dom/cjs/react-dom-server.browser.production.min.js:76:217)
    at $c (/app/node_modules/.pnpm/react-dom@18.3.1_react@18.3.1/node_modules/react-dom/cjs/react-dom-server.browser.production.min.js:78:98)
    at Zc (/app/node_modules/.pnpm/react-dom@18.3.1_react@18.3.1/node_modules/react-dom/cjs/react-dom-server.browser.production.min.js:71:145)
[2025-05-20T17:02:35.152Z] error: TypeError: Invalid URL
    at new URL (node:internal/url:818:25)
    at d (/app/.next/server/pages/index.js:7:13690)
    at Wc (/app/node_modules/.pnpm/react-dom@18.3.1_react@18.3.1/node_modules/react-dom/cjs/react-dom-server.browser.production.min.js:68:44)
    at Zc (/app/node_modules/.pnpm/react-dom@18.3.1_react@18.3.1/node_modules/react-dom/cjs/react-dom-server.browser.production.min.js:70:253)
    at Z (/app/node_modules/.pnpm/react-dom@18.3.1_react@18.3.1/node_modules/react-dom/cjs/react-dom-server.browser.production.min.js:76:89)
    at $c (/app/node_modules/.pnpm/react-dom@18.3.1_react@18.3.1/node_modules/react-dom/cjs/react-dom-server.browser.production.min.js:78:98)
    at bd (/app/node_modules/.pnpm/react-dom@18.3.1_react@18.3.1/node_modules/react-dom/cjs/react-dom-server.browser.production.min.js:77:404)
    at Z (/app/node_modules/.pnpm/react-dom@18.3.1_react@18.3.1/node_modules/react-dom/cjs/react-dom-server.browser.production.min.js:76:217)
    at $c (/app/node_modules/.pnpm/react-dom@18.3.1_react@18.3.1/node_modules/react-dom/cjs/react-dom-server.browser.production.min.js:78:98)
    at Zc (/app/node_modules/.pnpm/react-dom@18.3.1_react@18.3.1/node_modules/react-dom/cjs/react-dom-server.browser.production.min.js:71:145)
[2025-05-20T17:07:25.477Z] error: undefined
[2025-05-20T17:07:25.483Z] error: TypeError: Invalid URL
    at new URL (node:internal/url:818:25)
    at d (/app/.next/server/pages/index.js:7:13690)
    at Wc (/app/node_modules/.pnpm/react-dom@18.3.1_react@18.3.1/node_modules/react-dom/cjs/react-dom-server.browser.production.min.js:68:44)
    at Zc (/app/node_modules/.pnpm/react-dom@18.3.1_react@18.3.1/node_modules/react-dom/cjs/react-dom-server.browser.production.min.js:70:253)
    at Z (/app/node_modules/.pnpm/react-dom@18.3.1_react@18.3.1/node_modules/react-dom/cjs/react-dom-server.browser.production.min.js:76:89)
    at $c (/app/node_modules/.pnpm/react-dom@18.3.1_react@18.3.1/node_modules/react-dom/cjs/react-dom-server.browser.production.min.js:78:98)
    at bd (/app/node_modules/.pnpm/react-dom@18.3.1_react@18.3.1/node_modules/react-dom/cjs/react-dom-server.browser.production.min.js:77:404)
    at Z (/app/node_modules/.pnpm/react-dom@18.3.1_react@18.3.1/node_modules/react-dom/cjs/react-dom-server.browser.production.min.js:76:217)
    at $c (/app/node_modules/.pnpm/react-dom@18.3.1_react@18.3.1/node_modules/react-dom/cjs/react-dom-server.browser.production.min.js:78:98)
    at Zc (/app/node_modules/.pnpm/react-dom@18.3.1_react@18.3.1/node_modules/react-dom/cjs/react-dom-server.browser.production.min.js:71:145)
[2025-05-20T17:07:25.496Z] error: TypeError: Invalid URL
    at new URL (node:internal/url:818:25)
    at d (/app/.next/server/pages/index.js:7:13690)
    at Wc (/app/node_modules/.pnpm/react-dom@18.3.1_react@18.3.1/node_modules/react-dom/cjs/react-dom-server.browser.production.min.js:68:44)
    at Zc (/app/node_modules/.pnpm/react-dom@18.3.1_react@18.3.1/node_modules/react-dom/cjs/react-dom-server.browser.production.min.js:70:253)
    at Z (/app/node_modules/.pnpm/react-dom@18.3.1_react@18.3.1/node_modules/react-dom/cjs/react-dom-server.browser.production.min.js:76:89)
    at $c (/app/node_modules/.pnpm/react-dom@18.3.1_react@18.3.1/node_modules/react-dom/cjs/react-dom-server.browser.production.min.js:78:98)
    at bd (/app/node_modules/.pnpm/react-dom@18.3.1_react@18.3.1/node_modules/react-dom/cjs/react-dom-server.browser.production.min.js:77:404)
    at Z (/app/node_modules/.pnpm/react-dom@18.3.1_react@18.3.1/node_modules/react-dom/cjs/react-dom-server.browser.production.min.js:76:217)
    at $c (/app/node_modules/.pnpm/react-dom@18.3.1_react@18.3.1/node_modules/react-dom/cjs/react-dom-server.browser.production.min.js:78:98)
    at Zc (/app/node_modules/.pnpm/react-dom@18.3.1_react@18.3.1/node_modules/react-dom/cjs/react-dom-server.browser.production.min.js:71:145)
[2025-05-20T17:11:48.089Z] error: undefined
[2025-05-20T17:11:48.095Z] error: TypeError: Invalid URL
    at new URL (node:internal/url:818:25)
    at d (/app/.next/server/pages/index.js:7:13690)
    at Wc (/app/node_modules/.pnpm/react-dom@18.3.1_react@18.3.1/node_modules/react-dom/cjs/react-dom-server.browser.production.min.js:68:44)
    at Zc (/app/node_modules/.pnpm/react-dom@18.3.1_react@18.3.1/node_modules/react-dom/cjs/react-dom-server.browser.production.min.js:70:253)
    at Z (/app/node_modules/.pnpm/react-dom@18.3.1_react@18.3.1/node_modules/react-dom/cjs/react-dom-server.browser.production.min.js:76:89)
    at $c (/app/node_modules/.pnpm/react-dom@18.3.1_react@18.3.1/node_modules/react-dom/cjs/react-dom-server.browser.production.min.js:78:98)
    at bd (/app/node_modules/.pnpm/react-dom@18.3.1_react@18.3.1/node_modules/react-dom/cjs/react-dom-server.browser.production.min.js:77:404)
    at Z (/app/node_modules/.pnpm/react-dom@18.3.1_react@18.3.1/node_modules/react-dom/cjs/react-dom-server.browser.production.min.js:76:217)
    at $c (/app/node_modules/.pnpm/react-dom@18.3.1_react@18.3.1/node_modules/react-dom/cjs/react-dom-server.browser.production.min.js:78:98)
    at Zc (/app/node_modules/.pnpm/react-dom@18.3.1_react@18.3.1/node_modules/react-dom/cjs/react-dom-server.browser.production.min.js:71:145)
[2025-05-20T17:11:48.106Z] error: TypeError: Invalid URL
    at new URL (node:internal/url:818:25)
    at d (/app/.next/server/pages/index.js:7:13690)
    at Wc (/app/node_modules/.pnpm/react-dom@18.3.1_react@18.3.1/node_modules/react-dom/cjs/react-dom-server.browser.production.min.js:68:44)
    at Zc (/app/node_modules/.pnpm/react-dom@18.3.1_react@18.3.1/node_modules/react-dom/cjs/react-dom-server.browser.production.min.js:70:253)
    at Z (/app/node_modules/.pnpm/react-dom@18.3.1_react@18.3.1/node_modules/react-dom/cjs/react-dom-server.browser.production.min.js:76:89)
    at $c (/app/node_modules/.pnpm/react-dom@18.3.1_react@18.3.1/node_modules/react-dom/cjs/react-dom-server.browser.production.min.js:78:98)
    at bd (/app/node_modules/.pnpm/react-dom@18.3.1_react@18.3.1/node_modules/react-dom/cjs/react-dom-server.browser.production.min.js:77:404)
    at Z (/app/node_modules/.pnpm/react-dom@18.3.1_react@18.3.1/node_modules/react-dom/cjs/react-dom-server.browser.production.min.js:76:217)
    at $c (/app/node_modules/.pnpm/react-dom@18.3.1_react@18.3.1/node_modules/react-dom/cjs/react-dom-server.browser.production.min.js:78:98)
    at Zc (/app/node_modules/.pnpm/react-dom@18.3.1_react@18.3.1/node_modules/react-dom/cjs/react-dom-server.browser.production.min.js:71:145)
[2025-05-20T17:13:14.667Z] error: undefined
[2025-05-20T17:13:14.677Z] error: TypeError: Invalid URL
    at new URL (node:internal/url:818:25)
    at d (/app/.next/server/pages/index.js:7:13690)
    at Wc (/app/node_modules/.pnpm/react-dom@18.3.1_react@18.3.1/node_modules/react-dom/cjs/react-dom-server.browser.production.min.js:68:44)
    at Zc (/app/node_modules/.pnpm/react-dom@18.3.1_react@18.3.1/node_modules/react-dom/cjs/react-dom-server.browser.production.min.js:70:253)
    at Z (/app/node_modules/.pnpm/react-dom@18.3.1_react@18.3.1/node_modules/react-dom/cjs/react-dom-server.browser.production.min.js:76:89)
    at $c (/app/node_modules/.pnpm/react-dom@18.3.1_react@18.3.1/node_modules/react-dom/cjs/react-dom-server.browser.production.min.js:78:98)
    at bd (/app/node_modules/.pnpm/react-dom@18.3.1_react@18.3.1/node_modules/react-dom/cjs/react-dom-server.browser.production.min.js:77:404)
    at Z (/app/node_modules/.pnpm/react-dom@18.3.1_react@18.3.1/node_modules/react-dom/cjs/react-dom-server.browser.production.min.js:76:217)
    at $c (/app/node_modules/.pnpm/react-dom@18.3.1_react@18.3.1/node_modules/react-dom/cjs/react-dom-server.browser.production.min.js:78:98)
    at Zc (/app/node_modules/.pnpm/react-dom@18.3.1_react@18.3.1/node_modules/react-dom/cjs/react-dom-server.browser.production.min.js:71:145)
[2025-05-20T17:13:14.714Z] error: TypeError: Invalid URL
    at new URL (node:internal/url:818:25)
    at d (/app/.next/server/pages/index.js:7:13690)
    at Wc (/app/node_modules/.pnpm/react-dom@18.3.1_react@18.3.1/node_modules/react-dom/cjs/react-dom-server.browser.production.min.js:68:44)
    at Zc (/app/node_modules/.pnpm/react-dom@18.3.1_react@18.3.1/node_modules/react-dom/cjs/react-dom-server.browser.production.min.js:70:253)
    at Z (/app/node_modules/.pnpm/react-dom@18.3.1_react@18.3.1/node_modules/react-dom/cjs/react-dom-server.browser.production.min.js:76:89)
    at $c (/app/node_modules/.pnpm/react-dom@18.3.1_react@18.3.1/node_modules/react-dom/cjs/react-dom-server.browser.production.min.js:78:98)
    at bd (/app/node_modules/.pnpm/react-dom@18.3.1_react@18.3.1/node_modules/react-dom/cjs/react-dom-server.browser.production.min.js:77:404)
    at Z (/app/node_modules/.pnpm/react-dom@18.3.1_react@18.3.1/node_modules/react-dom/cjs/react-dom-server.browser.production.min.js:76:217)
    at $c (/app/node_modules/.pnpm/react-dom@18.3.1_react@18.3.1/node_modules/react-dom/cjs/react-dom-server.browser.production.min.js:78:98)
    at Zc (/app/node_modules/.pnpm/react-dom@18.3.1_react@18.3.1/node_modules/react-dom/cjs/react-dom-server.browser.production.min.js:71:145)
